# JRE version: OpenJDK Runtime Environment (11.0.11+9) (build 11.0.11+9-b60-7590822)
# Java VM: OpenJDK 64-Bit Server VM (11.0.11+9-b60-7590822, mixed mode, tiered, compressed oops, g1 gc, windows-amd64)
Heap:
 garbage-first heap   total 278528K, used 201716K [0x0000000080000000, 0x0000000100000000)
  region size 1024K, 65 young (66560K), 1 survivors (1024K)
 Metaspace       used 139063K, capacity 142725K, committed 142896K, reserved 1173504K
  class space    used 17329K, capacity 18758K, committed 18816K, reserved 1048576K
GC Heap History (20 events):
Event: 381.230 GC heap before
{Heap before GC invocations=128 (full 0):
 garbage-first heap   total 278528K, used 220588K [0x0000000080000000, 0x0000000100000000)
  region size 1024K, 94 young (96256K), 8 survivors (8192K)
 Metaspace       used 132308K, capacity 135746K, committed 135856K, reserved 1167360K
  class space    used 16682K, capacity 18066K, committed 18176K, reserved 1048576K
}
Event: 381.327 GC heap after
{Heap after GC invocations=129 (full 0):
 garbage-first heap   total 278528K, used 140664K [0x0000000080000000, 0x0000000100000000)
  region size 1024K, 12 young (12288K), 12 survivors (12288K)
 Metaspace       used 132308K, capacity 135746K, committed 135856K, reserved 1167360K
  class space    used 16682K, capacity 18066K, committed 18176K, reserved 1048576K
}
Event: 387.621 GC heap before
{Heap before GC invocations=130 (full 0):
 garbage-first heap   total 278528K, used 223608K [0x0000000080000000, 0x0000000100000000)
  region size 1024K, 94 young (96256K), 12 survivors (12288K)
 Metaspace       used 134550K, capacity 138148K, committed 138416K, reserved 1169408K
  class space    used 16945K, capacity 18374K, committed 18432K, reserved 1048576K
}
Event: 387.661 GC heap after
{Heap after GC invocations=131 (full 0):
 garbage-first heap   total 278528K, used 137611K [0x0000000080000000, 0x0000000100000000)
  region size 1024K, 3 young (3072K), 3 survivors (3072K)
 Metaspace       used 134550K, capacity 138148K, committed 138416K, reserved 1169408K
  class space    used 16945K, capacity 18374K, committed 18432K, reserved 1048576K
}
Event: 388.166 GC heap before
{Heap before GC invocations=131 (full 0):
 garbage-first heap   total 278528K, used 147851K [0x0000000080000000, 0x0000000100000000)
  region size 1024K, 13 young (13312K), 3 survivors (3072K)
 Metaspace       used 134635K, capacity 138252K, committed 138416K, reserved 1169408K
  class space    used 16958K, capacity 18387K, committed 18432K, reserved 1048576K
}
Event: 388.192 GC heap after
{Heap after GC invocations=132 (full 0):
 garbage-first heap   total 278528K, used 137397K [0x0000000080000000, 0x0000000100000000)
  region size 1024K, 2 young (2048K), 2 survivors (2048K)
 Metaspace       used 134635K, capacity 138252K, committed 138416K, reserved 1169408K
  class space    used 16958K, capacity 18387K, committed 18432K, reserved 1048576K
}
Event: 389.224 GC heap before
{Heap before GC invocations=132 (full 0):
 garbage-first heap   total 278528K, used 185525K [0x0000000080000000, 0x0000000100000000)
  region size 1024K, 50 young (51200K), 2 survivors (2048K)
 Metaspace       used 134909K, capacity 138517K, committed 138800K, reserved 1169408K
  class space    used 16998K, capacity 18433K, committed 18560K, reserved 1048576K
}
Event: 389.239 GC heap after
{Heap after GC invocations=133 (full 0):
 garbage-first heap   total 278528K, used 137116K [0x0000000080000000, 0x0000000100000000)
  region size 1024K, 2 young (2048K), 2 survivors (2048K)
 Metaspace       used 134909K, capacity 138517K, committed 138800K, reserved 1169408K
  class space    used 16998K, capacity 18433K, committed 18560K, reserved 1048576K
}
Event: 622.040 GC heap before
{Heap before GC invocations=134 (full 0):
 garbage-first heap   total 278528K, used 263068K [0x0000000080000000, 0x0000000100000000)
  region size 1024K, 90 young (92160K), 2 survivors (2048K)
 Metaspace       used 137892K, capacity 141481K, committed 141872K, reserved 1173504K
  class space    used 17267K, capacity 18664K, committed 18816K, reserved 1048576K
}
Event: 622.154 GC heap after
{Heap after GC invocations=135 (full 0):
 garbage-first heap   total 278528K, used 137762K [0x0000000080000000, 0x0000000100000000)
  region size 1024K, 6 young (6144K), 6 survivors (6144K)
 Metaspace       used 137892K, capacity 141481K, committed 141872K, reserved 1173504K
  class space    used 17267K, capacity 18664K, committed 18816K, reserved 1048576K
}
Event: 623.021 GC heap before
{Heap before GC invocations=135 (full 0):
 garbage-first heap   total 278528K, used 144930K [0x0000000080000000, 0x0000000100000000)
  region size 1024K, 13 young (13312K), 6 survivors (6144K)
 Metaspace       used 137998K, capacity 141573K, committed 141872K, reserved 1173504K
  class space    used 17268K, capacity 18667K, committed 18816K, reserved 1048576K
}
Event: 623.085 GC heap after
{Heap after GC invocations=136 (full 0):
 garbage-first heap   total 278528K, used 135646K [0x0000000080000000, 0x0000000100000000)
  region size 1024K, 2 young (2048K), 2 survivors (2048K)
 Metaspace       used 137998K, capacity 141573K, committed 141872K, reserved 1173504K
  class space    used 17268K, capacity 18667K, committed 18816K, reserved 1048576K
}
Event: 624.648 GC heap before
{Heap before GC invocations=136 (full 0):
 garbage-first heap   total 278528K, used 145886K [0x0000000080000000, 0x0000000100000000)
  region size 1024K, 13 young (13312K), 2 survivors (2048K)
 Metaspace       used 138192K, capacity 141734K, committed 142128K, reserved 1173504K
  class space    used 17270K, capacity 18670K, committed 18816K, reserved 1048576K
}
Event: 624.681 GC heap after
{Heap after GC invocations=137 (full 0):
 garbage-first heap   total 278528K, used 137459K [0x0000000080000000, 0x0000000100000000)
  region size 1024K, 4 young (4096K), 4 survivors (4096K)
 Metaspace       used 138192K, capacity 141734K, committed 142128K, reserved 1173504K
  class space    used 17270K, capacity 18670K, committed 18816K, reserved 1048576K
}
Event: 675.298 GC heap before
{Heap before GC invocations=138 (full 0):
 garbage-first heap   total 278528K, used 204019K [0x0000000080000000, 0x0000000100000000)
  region size 1024K, 71 young (72704K), 4 survivors (4096K)
 Metaspace       used 138561K, capacity 142133K, committed 142384K, reserved 1173504K
  class space    used 17300K, capacity 18690K, committed 18816K, reserved 1048576K
}
Event: 675.351 GC heap after
{Heap after GC invocations=139 (full 0):
 garbage-first heap   total 278528K, used 137588K [0x0000000080000000, 0x0000000100000000)
  region size 1024K, 8 young (8192K), 8 survivors (8192K)
 Metaspace       used 138561K, capacity 142133K, committed 142384K, reserved 1173504K
  class space    used 17300K, capacity 18690K, committed 18816K, reserved 1048576K
}
Event: 676.169 GC heap before
{Heap before GC invocations=139 (full 0):
 garbage-first heap   total 278528K, used 142708K [0x0000000080000000, 0x0000000100000000)
  region size 1024K, 13 young (13312K), 8 survivors (8192K)
 Metaspace       used 138607K, capacity 142203K, committed 142384K, reserved 1173504K
  class space    used 17302K, capacity 18691K, committed 18816K, reserved 1048576K
}
Event: 676.526 GC heap after
{Heap after GC invocations=140 (full 0):
 garbage-first heap   total 278528K, used 125355K [0x0000000080000000, 0x0000000100000000)
  region size 1024K, 2 young (2048K), 2 survivors (2048K)
 Metaspace       used 138607K, capacity 142203K, committed 142384K, reserved 1173504K
  class space    used 17302K, capacity 18691K, committed 18816K, reserved 1048576K
}
Event: 678.316 GC heap before
{Heap before GC invocations=140 (full 0):
 garbage-first heap   total 278528K, used 147883K [0x0000000080000000, 0x0000000100000000)
  region size 1024K, 25 young (25600K), 2 survivors (2048K)
 Metaspace       used 138746K, capacity 142341K, committed 142640K, reserved 1173504K
  class space    used 17310K, capacity 18729K, committed 18816K, reserved 1048576K
}
Event: 678.334 GC heap after
{Heap after GC invocations=141 (full 0):
 garbage-first heap   total 278528K, used 124916K [0x0000000080000000, 0x0000000100000000)
  region size 1024K, 1 young (1024K), 1 survivors (1024K)
 Metaspace       used 138746K, capacity 142341K, committed 142640K, reserved 1173504K
  class space    used 17310K, capacity 18729K, committed 18816K, reserved 1048576K
}

