# JRE version: OpenJDK Runtime Environment (11.0.11+9) (build 11.0.11+9-b60-7590822)
# Java VM: OpenJDK 64-Bit Server VM (11.0.11+9-b60-7590822, mixed mode, tiered, compressed oops, g1 gc, windows-amd64)
Heap:
 garbage-first heap   total 192512K, used 149455K [0x0000000080000000, 0x0000000100000000)
  region size 1024K, 16 young (16384K), 2 survivors (2048K)
 Metaspace       used 117685K, capacity 120558K, committed 120880K, reserved 1155072K
  class space    used 15065K, capacity 16151K, committed 16256K, reserved 1048576K
GC Heap History (20 events):
Event: 74.488 GC heap before
{Heap before GC invocations=111 (full 0):
 garbage-first heap   total 192512K, used 159495K [0x0000000080000000, 0x0000000100000000)
  region size 1024K, 42 young (43008K), 6 survivors (6144K)
 Metaspace       used 104651K, capacity 107054K, committed 107312K, reserved 1142784K
  class space    used 13456K, capacity 14343K, committed 14464K, reserved 1048576K
}
Event: 74.509 GC heap after
{Heap after GC invocations=112 (full 0):
 garbage-first heap   total 192512K, used 126530K [0x0000000080000000, 0x0000000100000000)
  region size 1024K, 6 young (6144K), 6 survivors (6144K)
 Metaspace       used 104651K, capacity 107054K, committed 107312K, reserved 1142784K
  class space    used 13456K, capacity 14343K, committed 14464K, reserved 1048576K
}
Event: 76.758 GC heap before
{Heap before GC invocations=112 (full 0):
 garbage-first heap   total 192512K, used 160322K [0x0000000080000000, 0x0000000100000000)
  region size 1024K, 40 young (40960K), 6 survivors (6144K)
 Metaspace       used 106129K, capacity 108598K, committed 108720K, reserved 1142784K
  class space    used 13613K, capacity 14498K, committed 14592K, reserved 1048576K
}
Event: 76.786 GC heap after
{Heap after GC invocations=113 (full 0):
 garbage-first heap   total 192512K, used 128509K [0x0000000080000000, 0x0000000100000000)
  region size 1024K, 5 young (5120K), 5 survivors (5120K)
 Metaspace       used 106129K, capacity 108598K, committed 108720K, reserved 1142784K
  class space    used 13613K, capacity 14498K, committed 14592K, reserved 1048576K
}
Event: 80.255 GC heap before
{Heap before GC invocations=114 (full 0):
 garbage-first heap   total 192512K, used 162301K [0x0000000080000000, 0x0000000100000000)
  region size 1024K, 38 young (38912K), 5 survivors (5120K)
 Metaspace       used 110052K, capacity 112773K, committed 112944K, reserved 1146880K
  class space    used 14158K, capacity 15192K, committed 15232K, reserved 1048576K
}
Event: 80.269 GC heap after
{Heap after GC invocations=115 (full 0):
 garbage-first heap   total 192512K, used 129760K [0x0000000080000000, 0x0000000100000000)
  region size 1024K, 2 young (2048K), 2 survivors (2048K)
 Metaspace       used 110052K, capacity 112773K, committed 112944K, reserved 1146880K
  class space    used 14158K, capacity 15192K, committed 15232K, reserved 1048576K
}
Event: 81.771 GC heap before
{Heap before GC invocations=115 (full 0):
 garbage-first heap   total 192512K, used 162528K [0x0000000080000000, 0x0000000100000000)
  region size 1024K, 35 young (35840K), 2 survivors (2048K)
 Metaspace       used 111961K, capacity 114608K, committed 114736K, reserved 1148928K
  class space    used 14425K, capacity 15461K, committed 15488K, reserved 1048576K
}
Event: 81.780 GC heap after
{Heap after GC invocations=116 (full 0):
 garbage-first heap   total 192512K, used 130693K [0x0000000080000000, 0x0000000100000000)
  region size 1024K, 3 young (3072K), 3 survivors (3072K)
 Metaspace       used 111961K, capacity 114608K, committed 114736K, reserved 1148928K
  class space    used 14425K, capacity 15461K, committed 15488K, reserved 1048576K
}
Event: 82.609 GC heap before
{Heap before GC invocations=117 (full 0):
 garbage-first heap   total 192512K, used 164485K [0x0000000080000000, 0x0000000100000000)
  region size 1024K, 36 young (36864K), 3 survivors (3072K)
 Metaspace       used 114343K, capacity 117007K, committed 117424K, reserved 1150976K
  class space    used 14710K, capacity 15748K, committed 15872K, reserved 1048576K
}
Event: 82.621 GC heap after
{Heap after GC invocations=118 (full 0):
 garbage-first heap   total 192512K, used 131991K [0x0000000080000000, 0x0000000100000000)
  region size 1024K, 3 young (3072K), 3 survivors (3072K)
 Metaspace       used 114343K, capacity 117007K, committed 117424K, reserved 1150976K
  class space    used 14710K, capacity 15748K, committed 15872K, reserved 1048576K
}
Event: 83.673 GC heap before
{Heap before GC invocations=118 (full 0):
 garbage-first heap   total 192512K, used 154519K [0x0000000080000000, 0x0000000100000000)
  region size 1024K, 26 young (26624K), 3 survivors (3072K)
 Metaspace       used 115763K, capacity 118427K, committed 118832K, reserved 1153024K
  class space    used 14856K, capacity 15856K, committed 16000K, reserved 1048576K
}
Event: 83.685 GC heap after
{Heap after GC invocations=119 (full 0):
 garbage-first heap   total 192512K, used 134214K [0x0000000080000000, 0x0000000100000000)
  region size 1024K, 5 young (5120K), 5 survivors (5120K)
 Metaspace       used 115763K, capacity 118427K, committed 118832K, reserved 1153024K
  class space    used 14856K, capacity 15856K, committed 16000K, reserved 1048576K
}
Event: 85.106 GC heap before
{Heap before GC invocations=120 (full 0):
 garbage-first heap   total 192512K, used 135238K [0x0000000080000000, 0x0000000100000000)
  region size 1024K, 6 young (6144K), 5 survivors (5120K)
 Metaspace       used 115774K, capacity 118433K, committed 118832K, reserved 1153024K
  class space    used 14856K, capacity 15857K, committed 16000K, reserved 1048576K
}
Event: 85.118 GC heap after
{Heap after GC invocations=121 (full 0):
 garbage-first heap   total 192512K, used 134394K [0x0000000080000000, 0x0000000100000000)
  region size 1024K, 3 young (3072K), 3 survivors (3072K)
 Metaspace       used 115774K, capacity 118433K, committed 118832K, reserved 1153024K
  class space    used 14856K, capacity 15857K, committed 16000K, reserved 1048576K
}
Event: 88.908 GC heap before
{Heap before GC invocations=122 (full 0):
 garbage-first heap   total 192512K, used 138490K [0x0000000080000000, 0x0000000100000000)
  region size 1024K, 5 young (5120K), 3 survivors (3072K)
 Metaspace       used 115775K, capacity 118433K, committed 118832K, reserved 1153024K
  class space    used 14856K, capacity 15857K, committed 16000K, reserved 1048576K
}
Event: 88.916 GC heap after
{Heap after GC invocations=123 (full 0):
 garbage-first heap   total 192512K, used 134679K [0x0000000080000000, 0x0000000100000000)
  region size 1024K, 1 young (1024K), 1 survivors (1024K)
 Metaspace       used 115775K, capacity 118433K, committed 118832K, reserved 1153024K
  class space    used 14856K, capacity 15857K, committed 16000K, reserved 1048576K
}
Event: 95.983 GC heap before
{Heap before GC invocations=124 (full 0):
 garbage-first heap   total 192512K, used 156183K [0x0000000080000000, 0x0000000100000000)
  region size 1024K, 21 young (21504K), 1 survivors (1024K)
 Metaspace       used 116468K, capacity 119135K, committed 119344K, reserved 1153024K
  class space    used 14927K, capacity 15961K, committed 16000K, reserved 1048576K
}
Event: 95.996 GC heap after
{Heap after GC invocations=125 (full 0):
 garbage-first heap   total 192512K, used 135348K [0x0000000080000000, 0x0000000100000000)
  region size 1024K, 2 young (2048K), 2 survivors (2048K)
 Metaspace       used 116468K, capacity 119135K, committed 119344K, reserved 1153024K
  class space    used 14927K, capacity 15961K, committed 16000K, reserved 1048576K
}
Event: 384.396 GC heap before
{Heap before GC invocations=125 (full 0):
 garbage-first heap   total 192512K, used 156852K [0x0000000080000000, 0x0000000100000000)
  region size 1024K, 23 young (23552K), 2 survivors (2048K)
 Metaspace       used 117454K, capacity 120263K, committed 120496K, reserved 1153024K
  class space    used 15041K, capacity 16112K, committed 16128K, reserved 1048576K
}
Event: 384.483 GC heap after
{Heap after GC invocations=126 (full 0):
 garbage-first heap   total 192512K, used 136143K [0x0000000080000000, 0x0000000100000000)
  region size 1024K, 2 young (2048K), 2 survivors (2048K)
 Metaspace       used 117454K, capacity 120263K, committed 120496K, reserved 1153024K
  class space    used 15041K, capacity 16112K, committed 16128K, reserved 1048576K
}

